2026-03-04 22:56:20,977 - __main__ - INFO - ============================================================
2026-03-04 22:56:20,977 - __main__ - INFO - Running FULL pipeline
2026-03-04 22:56:20,977 - __main__ - INFO - ============================================================
2026-03-04 22:56:20,977 - __main__ - INFO - 
[1/3] Downloading malware samples...
2026-03-04 22:56:20,977 - __main__ - INFO - ============================================================
2026-03-04 22:56:20,977 - __main__ - INFO - Starting malware download phase
2026-03-04 22:56:20,977 - __main__ - INFO - ============================================================
2026-03-04 22:56:20,978 - src.database - INFO - Database initialized at data/dataset.db
2026-03-04 22:56:20,978 - src.malware_downloader - INFO - 
==================================================
2026-03-04 22:56:20,978 - src.malware_downloader - INFO - Processing family: rat
2026-03-04 22:56:20,978 - src.malware_downloader - INFO - Collecting 10000 samples for family: rat
2026-03-04 22:56:20,978 - src.malware_downloader - INFO - Querying signature: njRAT
2026-03-04 22:56:27,261 - src.malware_downloader - ERROR - Error querying njRAT: 403 Client Error: Forbidden for url: https://mb-api.abuse.ch/api/v1/
2026-03-04 22:56:27,261 - src.malware_downloader - INFO - Querying signature: AsyncRAT
2026-03-04 22:56:27,667 - src.malware_downloader - ERROR - Error querying AsyncRAT: 403 Client Error: Forbidden for url: https://mb-api.abuse.ch/api/v1/
2026-03-04 22:56:27,667 - src.malware_downloader - INFO - Querying signature: NanoCore
2026-03-04 22:56:28,078 - src.malware_downloader - ERROR - Error querying NanoCore: 403 Client Error: Forbidden for url: https://mb-api.abuse.ch/api/v1/
2026-03-04 22:56:28,078 - src.malware_downloader - INFO - Querying signature: QuasarRAT
2026-03-04 22:56:28,383 - src.malware_downloader - ERROR - Error querying QuasarRAT: 403 Client Error: Forbidden for url: https://mb-api.abuse.ch/api/v1/
2026-03-04 22:56:28,384 - src.malware_downloader - INFO - Querying signature: DarkRAT
2026-03-04 22:56:28,686 - src.malware_downloader - ERROR - Error querying DarkRAT: 403 Client Error: Forbidden for url: https://mb-api.abuse.ch/api/v1/
2026-03-04 22:56:28,686 - src.malware_downloader - INFO - Collected 0 samples for rat
2026-03-04 22:56:30,698 - src.malware_downloader - INFO - 
==================================================
2026-03-04 22:56:30,699 - src.malware_downloader - INFO - Processing family: infostealer
2026-03-04 22:56:30,699 - src.malware_downloader - INFO - Collecting 10000 samples for family: infostealer
2026-03-04 22:56:30,699 - src.malware_downloader - INFO - Querying signature: AgentTesla
2026-03-04 22:56:31,146 - src.malware_downloader - ERROR - Error querying AgentTesla: 403 Client Error: Forbidden for url: https://mb-api.abuse.ch/api/v1/
2026-03-04 22:56:31,147 - src.malware_downloader - INFO - Querying signature: FormBook
2026-03-04 22:56:31,444 - src.malware_downloader - ERROR - Error querying FormBook: 403 Client Error: Forbidden for url: https://mb-api.abuse.ch/api/v1/
2026-03-04 22:56:31,445 - src.malware_downloader - INFO - Querying signature: RedLine
2026-03-04 22:56:31,719 - src.malware_downloader - ERROR - Error querying RedLine: 403 Client Error: Forbidden for url: https://mb-api.abuse.ch/api/v1/
2026-03-04 22:56:31,719 - src.malware_downloader - INFO - Querying signature: AZORult
2026-03-04 22:56:32,069 - src.malware_downloader - ERROR - Error querying AZORult: 403 Client Error: Forbidden for url: https://mb-api.abuse.ch/api/v1/
2026-03-04 22:56:32,069 - src.malware_downloader - INFO - Querying signature: TrickBot
2026-03-04 22:56:32,478 - src.malware_downloader - ERROR - Error querying TrickBot: 403 Client Error: Forbidden for url: https://mb-api.abuse.ch/api/v1/
2026-03-04 22:56:32,478 - src.malware_downloader - INFO - Collected 0 samples for infostealer
